<?xml version="1.0" encoding="UTF-8"?>
<testsuite name="org.example.TestMain" tests="12" skipped="0" failures="0" errors="0" timestamp="2023-12-24T22:20:59" hostname="DESKTOP-PTTCPVF" time="0.112">
  <properties/>
  <testcase name="coliziuniCicluStudiiContestatii10()" classname="org.example.TestMain" time="0.038"/>
  <testcase name="coliziuniMedie08()" classname="org.example.TestMain" time="0.005"/>
  <testcase name="toateFunctionalitatile12()" classname="org.example.TestMain" time="0.009"/>
  <testcase name="inroleazaSimplu05()" classname="org.example.TestMain" time="0.009"/>
  <testcase name="posteazaMedii01()" classname="org.example.TestMain" time="0.004"/>
  <testcase name="posteazaMediiContestatii02()" classname="org.example.TestMain" time="0.005"/>
  <testcase name="posteazaMediiContestatii03()" classname="org.example.TestMain" time="0.005"/>
  <testcase name="posteazaMediiContestatii04()" classname="org.example.TestMain" time="0.004"/>
  <testcase name="inroleazaCicluStudiiContestatii07()" classname="org.example.TestMain" time="0.007"/>
  <testcase name="inroleazaCicluStudii06()" classname="org.example.TestMain" time="0.005"/>
  <testcase name="coliziuniCicluStudii09()" classname="org.example.TestMain" time="0.008"/>
  <testcase name="exceptieSimplu11()" classname="org.example.TestMain" time="0.005"/>
  <system-out><![CDATA[]]></system-out>
  <system-err><![CDATA[]]></system-err>
</testsuite>
